0 silly input [ 'prepare' ]
1 silly flags {
1 silly flags   _: [ 'run' ],
1 silly flags   'reject-cycles': false,
1 silly flags   rejectCycles: false,
1 silly flags   script: 'prepare',
1 silly flags   args: []
1 silly flags }
2 verbose rootPath /workspaces/che-theia
3 info version 2.11.0
4 silly existsSync /workspaces/che-theia/VERSION
5 silly initialize attempt
6 silly initialize success
7 silly execute attempt
8 silly runScriptInPackageStreaming [ 'prepare', [], '@eclipse-che/theia-generator' ]
9 silly getExecOpts { cwd: '/workspaces/che-theia/generator' }
10 silly runScriptInPackageStreaming [
10 silly runScriptInPackageStreaming   'prepare',
10 silly runScriptInPackageStreaming   [],
10 silly runScriptInPackageStreaming   '@eclipse-che/theia-built-in-extensions-update-automation'
10 silly runScriptInPackageStreaming ]
11 silly getExecOpts { cwd: '/workspaces/che-theia/tools/automation' }
12 silly runScriptInPackageStreaming [ 'prepare', [], '@eclipse-che/che-theia-devworkspace-handler' ]
13 silly getExecOpts { cwd: '/workspaces/che-theia/tools/devworkspace-handler' }
14 silly runScriptInPackageStreaming [ 'prepare', [], '@eclipse-che/theia-logging' ]
15 silly getExecOpts { cwd: '/workspaces/che-theia/extensions/eclipse-che-theia-logging' }
16 silly runScriptInPackageStreaming [ 'prepare', [], '@eclipse-che/theia-remote-api' ]
17 silly getExecOpts {
17 silly getExecOpts   cwd: '/workspaces/che-theia/extensions/eclipse-che-theia-remote-api'
17 silly getExecOpts }
18 silly runScriptInPackageStreaming [ 'prepare', [], 'smartclide-deployment-widget' ]
19 silly getExecOpts {
19 silly getExecOpts   cwd: '/workspaces/che-theia/extensions/smartclide-deployment-extension'
19 silly getExecOpts }
20 silly runScriptInPackageStreaming [ 'prepare', [], 'smartclide-design-pattern-selection-theia' ]
21 silly getExecOpts {
21 silly getExecOpts   cwd: '/workspaces/che-theia/extensions/smartclide-design-pattern-selection-theia'
21 silly getExecOpts }
22 silly runScriptInPackageStreaming [ 'prepare', [], 'smartclide-service-creation-theia' ]
23 silly getExecOpts {
23 silly getExecOpts   cwd: '/workspaces/che-theia/extensions/smartclide-service-creation-theia'
23 silly getExecOpts }
24 silly runScriptInPackageStreaming [ 'prepare', [], 'smartclide-td-reusability-theia' ]
25 silly getExecOpts {
25 silly getExecOpts   cwd: '/workspaces/che-theia/extensions/smartclide-td-reusability-theia'
25 silly getExecOpts }
26 silly runScriptInPackageStreaming [ 'prepare', [], '@eclipse-che/theia-containers-plugin' ]
27 silly getExecOpts { cwd: '/workspaces/che-theia/plugins/containers-plugin' }
28 silly runScriptInPackageStreaming [ 'prepare', [], 'ext-plugin' ]
29 silly getExecOpts { cwd: '/workspaces/che-theia/plugins/ext-plugin' }
30 error execute callback with error
31 error Error: Command failed: yarn run prepare
31 error error Command failed with exit code 1.
31 error error Command failed with exit code 1.
31 error
31 error yarn run v1.22.17
31 error $ yarn run clean && yarn run build
31 error $ rimraf lib
31 error $ tsc -b
31 error src/browser/chart.tsx(44,6): error TS2607: JSX element class does not support attributes because it does not have a 'props' property.
31 error src/browser/chart.tsx(44,7): error TS2786: 'VictoryLine' cannot be used as a JSX component.
31 error   Its instance type 'VictoryLineBase' is not a valid JSX element.
31 error     Type 'VictoryLineBase' is missing the following properties from type 'ElementClass': context, setState, forceUpdate, props, and 2 more.
31 error info Visit https://yarnpkg.com/en/docs/cli/run for documentation about this command.
31 error info Visit https://yarnpkg.com/en/docs/cli/run for documentation about this command.
31 error
31 error     at /workspaces/che-theia/node_modules/lerna/node_modules/execa/index.js:236:11
